"battery_max_temp-rfile"
"Time Step" "battery_max_temp etc.."
("Time Step" "battery_max_temp" "flow-time")
0 298.15 0
1 298.1932609828319 1
2 298.2332750728887 2
3 298.2703195455919 3
4 298.3044851948821 4
5 298.3360637260145 5
6 298.363240059279 6
7 298.3890497662986 7
8 298.4132404829825 8
9 298.4359625004324 9
10 298.4576031332437 10
11 298.4777804194684 11
12 298.4968748470948 12
13 298.5147318991774 13
14 298.5319807448257 14
15 298.5481902296127 15
16 298.5639179833714 16
17 298.578977694588 17
18 298.5935904710236 18
19 298.6074788952562 19
20 298.6208689153966 20
21 298.6339452643607 21
22 298.6462609860473 22
23 298.6582179698397 23
24 298.6700183613218 24
25 298.6814928496231 25
26 298.6926669716194 26
27 298.7036747469569 27
28 298.7143036139921 28
29 298.7246980880654 29
30 298.7348734127898 30
31 298.7448444515318 31
32 298.7546256068068 32
33 298.7642282680446 33
34 298.7736655732514 34
35 298.7829470401961 35
36 298.7920826948025 36
37 298.801081444717 37
38 298.8099512094317 38
39 298.8186996520347 39
40 298.8273335356751 40
41 298.8358592221728 41
42 298.8442825942773 42
43 298.8526090735936 43
44 298.8608436597183 44
45 298.8689910198005 45
46 298.8769334518685 46
47 298.8848086313108 47
48 298.8928319832862 48
49 298.9007704950947 49
50 298.9086305175463 50
51 298.9164164377224 51
52 298.9241336561567 52
53 298.9317899734481 53
54 298.9393832507847 54
55 298.9469198855083 55
56 298.9544263559036 56
57 298.9618788271174 57
58 298.9696853945691 58
59 298.9779262562344 59
60 298.9862780629695 60
61 298.9946354125588 61
62 299.0029600788756 62
63 299.0112545164891 63
64 299.0195183042588 64
65 299.0277524153417 65
66 299.0359577575246 66
67 299.0441351671955 67
68 299.0522854486402 68
69 299.0604093440633 69
70 299.0685075481055 70
71 299.076580712254 71
72 299.0846294478888 72
73 299.0926543292763 73
74 299.1006558963053 74
75 299.1086346569916 75
76 299.1165910897762 76
77 299.1245256456345 77
78 299.1324387500192 78
79 299.1403308046465 79
80 299.1482021891451 80
81 299.1560532625774 81
82 299.1638843648437 82
83 299.1716958179836 83
84 299.1794879273774 84
85 299.1872609828616 85
86 299.1950152597606 86
87 299.2027510198456 87
88 299.2104685122234 88
89 299.2181686605504 89
90 299.2258514090639 90
91 299.2335165701265 91
92 299.2411643497054 92
93 299.2487949446974 93
94 299.2564085435035 94
95 299.2640053265647 95
96 299.2715854668594 96
97 299.2791491303695 97
98 299.2866964765115 98
99 299.2942276585429 99
100 299.3017428239365 100
101 299.3092421147334 101
102 299.3167256676484 102
103 299.3241936150603 103
104 299.3316460845941 104
105 299.3390831996317 105
106 299.3465050795599 106
107 299.3539118400042 107
108 299.361303593047 108
109 299.3686804474309 109
110 299.37604250875 110
111 299.3833898796282 111
112 299.3907226598861 112
113 299.3980409466965 113
114 299.4053448347321 114
115 299.4126344163007 115
116 299.419909781475 116
117 299.4271710182114 117
118 299.4344182124634 118
119 299.4416514482866 119
120 299.4488708079381 120
121 299.4560763719679 121
122 299.4632682193079 122
123 299.4704464273514 123
124 299.4776110720312 124
125 299.48476222789 125
126 299.4918999681495 126
127 299.499024364772 127
128 299.5061354885209 128
129 299.5132334090165 129
130 299.5203181947875 130
131 299.5273899133219 131
132 299.5344486311121 132
133 299.5414944136988 133
134 299.5485273257124 134
135 299.5555474309114 135
136 299.5625547922187 136
137 299.5695494717557 137
138 299.576531530875 138
139 299.5835010301897 139
140 299.5904580296033 140
141 299.5974025883351 141
142 299.6043347649475 142
143 299.6112546173682 143
144 299.6181622029139 144
145 299.6250575783109 145
146 299.6319407997162 146
147 299.6388119227354 147
148 299.6456710024415 148
149 299.6525180933911 149
150 299.6593532496415 150
151 299.6661765247647 151
152 299.6729879718624 152
153 299.67978764358 153
154 299.6865755921185 154
155 299.6933518692472 155
156 299.700116526315 156
157 299.7068696142618 157
158 299.7136111836286 158
159 299.7203412845671 159
160 299.7270599668494 160
161 299.7337672798764 161
162 299.7404632726874 162
163 299.7471479939662 163
164 299.7538214920503 164
165 299.7604838149376 165
166 299.7671350102931 166
167 299.773775125456 167
168 299.7804042074453 168
169 299.7870223029661 169
170 299.7936294584155 170
171 299.8002257198872 171
172 299.8068111331783 172
173 299.8133857437923 173
174 299.8199495969449 174
175 299.8265027375688 175
176 299.833045210317 176
177 299.8395770595685 177
178 299.8460983294302 178
179 299.8526090637424 179
180 299.8591093060825 180
181 299.8655990997667 181
182 299.8720784878557 182
183 299.8785475131561 183
184 299.8850062182249 184
185 299.8914546453714 185
186 299.8978928366607 186
187 299.9043208339164 187
188 299.9107386787235 188
189 299.9171464124304 189
190 299.9235440761523 190
191 299.9299317107723 191
192 299.9363093569456 192
193 299.9426770550997 193
194 299.9490348454385 194
195 299.9553827679433 195
196 299.9617208623749 196
197 299.9680491682761 197
198 299.9743677249737 198
199 299.9806765715799 199
200 299.9869757469942 200
201 299.9932652899057 201
202 299.9995452387943 202
203 300.0058156319334 203
204 300.0120765073898 204
205 300.0183279030271 205
206 300.0245698565059 206
207 300.030802405287 207
208 300.037025586631 208
209 300.0432394376016 209
210 300.0494439950649 210
211 300.0556392956938 211
212 300.0618253759665 212
213 300.0680022721693 213
214 300.0741700203982 214
215 300.0803286565596 215
216 300.0864782163717 216
217 300.0926187353656 217
218 300.0987502488873 218
219 300.1048727920978 219
220 300.1109863999758 220
221 300.1170911073173 221
222 300.1231869487385 222
223 300.1292739586747 223
224 300.1353521713839 224
225 300.1414216209467 225
226 300.1474823412667 226
227 300.1535348668757 227
228 300.1595789609317 228
229 300.1656144244092 229
230 300.1716412905176 230
231 300.1776595922962 231
232 300.1836693626142 232
233 300.1896706341727 233
234 300.1956634395038 234
235 300.2016478109747 235
236 300.2076237807856 236
237 300.2135913809722 237
238 300.219550643407 238
239 300.2255015997997 239
240 300.2314442816978 240
241 300.2373787204881 241
242 300.2433049473977 242
243 300.2492229934948 243
244 300.2551328896895 244
245 300.2610346667349 245
246 300.2669283552275 246
247 300.2728139856086 247
248 300.2786915881658 248
249 300.2845611930323 249
250 300.2904228301896 250
251 300.2962765294664 251
252 300.3021223205411 252
253 300.3079602329423 253
254 300.3137902960491 254
255 300.3196125390924 255
256 300.3254269911556 256
257 300.3312336811755 257
258 300.3370326379432 258
259 300.3428238901048 259
260 300.3486074661623 260
261 300.3543833944744 261
262 300.3601517032571 262
263 300.3659124205847 263
264 300.3716655743912 264
265 300.3774111924699 265
266 300.3831493024748 266
267 300.3888799319213 267
268 300.3946031081879 268
269 300.4003188585154 269
270 300.4060272100082 270
271 300.4117281896359 271
272 300.4174218242331 272
273 300.4231081405007 273
274 300.4287871650062 274
275 300.4344589241849 275
276 300.4401234443408 276
277 300.4457807516461 277
278 300.4514308721438 278
279 300.4570738317466 279
280 300.4627096562396 280
281 300.4683383712787 281
282 300.4739600023934 282
283 300.4795745749861 283
284 300.4851821143341 284
285 300.490782645589 285
286 300.4963761937782 286
287 300.5019627838051 287
288 300.5075424404503 288
289 300.5131151883725 289
290 300.5186810521081 290
291 300.5242400560729 291
292 300.5297922245625 292
293 300.5353375817527 293
294 300.5408761517004 294
295 300.5464079583447 295
296 300.5519330255065 296
297 300.5574513768901 297
298 300.5629630360836 298
299 300.5684680265601 299
300 300.5739663716763 300
301 300.5794580946757 301
302 300.5849432186878 302
303 300.5904217667295 303
304 300.595893761705 304
305 300.6013592264068 305
306 300.6068181835161 306
307 300.6122706556039 307
308 300.6177166651316 308
309 300.6231562344508 309
310 300.628589385805 310
311 300.6340161413294 311
312 300.6394365230518 312
313 300.6448505528935 313
314 300.6502582526696 314
315 300.6556596440895 315
316 300.6610547487572 316
317 300.6664435881733 317
318 300.671826183734 318
319 300.6772025567319 319
320 300.682572728358 320
321 300.6879367197002 321
322 300.6932945517462 322
323 300.6986462453816 323
324 300.7039918213921 324
325 300.7093313004639 325
326 300.714664703184 326
327 300.7199920500403 327
328 300.7253133614234 328
329 300.7306286576255 329
330 300.7359379588424 330
331 300.7412412851739 331
332 300.746538656623 332
333 300.751830093098 333
334 300.7571156144119 334
335 300.7623952402843 335
336 300.7676689903403 336
337 300.7729368841123 337
338 300.77819894104 338
339 300.7834551804709 339
340 300.7887056216604 340
341 300.7939502837737 341
342 300.7991891858846 342
343 300.8044223469777 343
344 300.8096497859476 344
345 300.8148715215996 345
346 300.8200875726507 346
347 300.8252979577298 347
348 300.8305026953789 348
349 300.8357018040519 349
350 300.8408953021167 350
351 300.8460832078554 351
352 300.8512655394638 352
353 300.856442315053 353
354 300.8616135526497 354
355 300.8667792701963 355
356 300.8719394855514 356
357 300.8770942164908 357
358 300.882243480707 358
359 300.8873872958105 359
360 300.8925256793301 360
361 300.8976586487132 361
362 300.9027862213266 362
363 300.9079084144561 363
364 300.9130252453079 364
365 300.918136731009 365
366 300.9232428886069 366
367 300.9283437350707 367
368 300.9334392872907 368
369 300.9385295620804 369
370 300.9436145761755 370
371 300.9486943462352 371
372 300.9537688888417 372
373 300.9588382205015 373
374 300.9639023576455 374
375 300.9689613166296 375
376 300.9740151137348 376
377 300.9790637651679 377
378 300.9841072870618 378
379 300.9891456954757 379
380 300.9941790063957 380
381 300.999207235736 381
382 301.0042303993376 382
383 301.0092485129704 383
384 301.0142615923322 384
385 301.0192696530503 385
386 301.0242727106808 386
387 301.0292707807102 387
388 301.0342638785545 388
389 301.039252019561 389
390 301.0442352190073 390
391 301.0492134921025 391
392 301.0541868539872 392
393 301.0591553197344 393
394 301.0641189043493 394
395 301.0690776227701 395
396 301.0740314898681 396
397 301.0789805204481 397
398 301.0839247292491 398
399 301.0888641309444 399
400 301.0937987401414 400
401 301.0987285713829 401
402 301.1036536391479 402
403 301.1085739578492 403
404 301.1134895418378 404
405 301.1184004053999 405
406 301.1233065627591 406
407 301.1282080280757 407
408 301.1331048154479 408
409 301.1379969389115 409
410 301.1428844124406 410
411 301.1477672499485 411
412 301.1526454652858 412
413 301.157519072244 413
414 301.1623880845533 414
415 301.1672525158835 415
416 301.1721123798454 416
417 301.17696768999 417
418 301.1818184598089 418
419 301.1866647027354 419
420 301.1915064321437 420
421 301.1963436613509 421
422 301.201176403615 422
423 301.206004672137 423
424 301.2108284800614 424
425 301.215647840475 425
426 301.220462766408 426
427 301.2252732708346 427
428 301.2300793666729 428
429 301.2348810667854 429
430 301.2396783839796 430
431 301.2444713310072 431
432 301.2492599205659 432
433 301.254044165298 433
434 301.2588240777928 434
435 301.2635996705853 435
436 301.2683709561568 436
437 301.2731379469347 437
438 301.2779006552944 438
439 301.2826590935587 439
440 301.2874132739972 440
441 301.2921632088277 441
442 301.2969089102162 442
443 301.3016503902771 443
444 301.3063876610734 444
445 301.3111207346176 445
446 301.3158496228708 446
447 301.3205743377438 447
448 301.3252948910977 448
449 301.3300112947427 449
450 301.3347235604402 450
451 301.3394316999023 451
452 301.3441357247914 452
453 301.3488356467213 453
454 301.3535314772569 454
455 301.3582232279153 455
456 301.3629109101658 456
457 301.3675945354282 457
458 301.3722741150771 458
459 301.3769496604376 459
460 301.3816211827896 460
461 301.3862886933649 461
462 301.3909522033494 462
463 301.3956117238823 463
464 301.4002672660573 464
465 301.4049188409215 465
466 301.409566459477 466
467 301.4142101326805 467
468 301.4188498714438 468
469 301.423485686633 469
470 301.4281175890706 470
471 301.432745589534 471
472 301.4373696987573 472
473 301.4419899274295 473
474 301.4466062861975 474
475 301.4512187856632 475
476 301.4558274363859 476
477 301.4604322488825 477
478 301.4650332336262 478
479 301.4696304010483 479
480 301.4742237615372 480
481 301.4788133254397 481
482 301.4833991030608 482
483 301.4879811046634 483
484 301.4925593404694 484
485 301.4971338206594 485
486 301.5017045553728 486
487 301.5062715547082 487
488 301.5108348287238 488
489 301.5153943874377 489
490 301.5199502408273 490
491 301.5245023988305 491
492 301.529050871345 492
493 301.5335956682295 493
494 301.5381367993032 494
495 301.5426742743459 495
496 301.5472081030988 496
497 301.5517382952646 497
498 301.5562648605065 498
499 301.5607878084508 499
500 301.5653071486845 500
501 301.5698228907572 501
502 301.5743350441811 502
503 301.5788436184299 503
504 301.5833486229411 504
505 301.5878500671142 505
506 301.5923479603126 506
507 301.5968423118617 507
508 301.6013331310514 508
509 301.6058204271346 509
510 301.6103042093288 510
511 301.6147844868145 511
512 301.6192612687368 512
513 301.6237345642056 513
514 301.6282043822943 514
515 301.632670732042 515
516 301.6371336224522 516
517 301.6415930624935 517
518 301.6460490611003 518
519 301.6505016271711 519
520 301.6549507695715 520
521 301.659396497132 521
522 301.6638388186493 522
523 301.6682777428865 523
524 301.6727132785722 524
525 301.6771454344025 525
526 301.6815742190392 526
527 301.6859996411116 527
528 301.6904217092156 528
529 301.6948404319143 529
530 301.6992558177379 530
531 301.7036678751845 531
532 301.7080766127195 532
533 301.7124820387763 533
534 301.7168841617561 534
535 301.721282990028 535
536 301.7256785319299 536
537 301.7300707957678 537
538 301.7344597898164 538
539 301.7388455223187 539
540 301.7432280014873 540
541 301.7476072355036 541
542 301.7519832325182 542
543 301.7563560006505 543
544 301.7607255479904 544
545 301.7650918825967 545
546 301.7694550124983 546
547 301.7738149456939 547
548 301.7781716901527 548
549 301.7825252538138 549
550 301.7868756445866 550
551 301.7912228703515 551
552 301.7955669389594 552
553 301.7999078582317 553
554 301.8042456359615 554
555 301.8085802799123 555
556 301.8129117978192 556
557 301.8172401973885 557
558 301.8215654862984 558
559 301.8258876721986 559
560 301.8302067627104 560
561 301.8345227654276 561
562 301.8388356879155 562
563 301.8431455377118 563
564 301.8474523223267 564
565 301.8517560492434 565
566 301.8560567259163 566
567 301.8603543597743 567
568 301.8646489582177 568
569 301.868940528621 569
570 301.873229078331 570
571 301.8775146146681 571
572 301.8817971449266 572
573 301.8860766763735 573
574 301.8903532162504 574
575 301.8946267717716 575
576 301.8988973501259 576
577 301.9031649584765 577
578 301.9074296039602 578
579 301.9116912936884 579
580 301.9159500347469 580
581 301.9202058341959 581
582 301.9244586990706 582
583 301.9287086363801 583
584 301.9329556531096 584
585 301.9371997562188 585
586 301.9414409526422 586
587 301.9456792492903 587
588 301.949914653048 588
589 301.9541471707768 589
590 301.9583768093129 590
591 301.9626035754688 591
592 301.9668274760326 592
593 301.971048517768 593
594 301.9752667074157 594
595 301.9794820516918 595
596 301.9836945572892 596
597 301.9879042308766 597
598 301.9921110790995 598
599 301.9963151085803 599
600 302.0005163259181 600
601 302.0047147376881 601
602 302.0089103504431 602
603 302.0131031707135 603
604 302.0172932050053 604
605 302.0214804598036 605
606 302.0256649415694 606
607 302.0298466567419 607
608 302.0340256117382 608
609 302.038201812952 609
610 302.0423752667557 610
611 302.0465459794994 611
612 302.050713957511 612
613 302.0548792070969 613
614 302.0590417345414 614
615 302.0632015461069 615
616 302.0673586480348 616
617 302.0715130465445 617
618 302.0756647478341 618
619 302.0798137580805 619
620 302.0839600834393 620
621 302.0881037300451 621
622 302.0922447040116 622
623 302.0963830114315 623
624 302.1005186583763 624
625 302.1046516508973 625
626 302.1087819950249 626
627 302.1129096967689 627
628 302.1170347621193 628
629 302.1211571970446 629
630 302.1252770074943 630
631 302.1293941993969 631
632 302.1335087786608 632
633 302.1376207511748 633
634 302.1417301228076 634
635 302.1458368994084 635
636 302.1499410868063 636
637 302.1540426908115 637
638 302.1581417172137 638
639 302.1622381717834 639
640 302.1663320602721 640
641 302.1704233884114 641
642 302.1745121619148 642
643 302.1785983864757 643
644 302.1826820677691 644
645 302.1867632114505 645
646 302.1908418231568 646
647 302.1949179085063 647
648 302.1989914730989 648
649 302.203062522515 649
650 302.2071310623171 650
651 302.2111970980494 651
652 302.2152606352374 652
653 302.2193216793883 653
654 302.2233802359916 654
655 302.227436310518 655
656 302.2314899084208 656
657 302.235541035135 657
658 302.2395896960776 658
659 302.2436358966483 659
660 302.2476796422289 660
661 302.2517209384064 661
662 302.2557598026854 662
663 302.2597962270488 663
664 302.2638302197373 664
665 302.2678617838011 665
666 302.2718909253542 666
667 302.2759176486577 667
668 302.2799419587187 668
669 302.2839638608012 669
670 302.2879833602269 670
671 302.2920004623246 671
672 302.2960151724026 672
673 302.3000274957373 673
674 302.3040374375724 674
675 302.3080450031192 675
676 302.3120501975579 676
677 302.3160551374606 677
678 302.3201070490416 678
679 302.3243867944456 679
680 302.3288828954357 680
681 302.3335048925354 681
682 302.3382119687408 682
683 302.3429726923804 683
684 302.3477780393927 684
685 302.3526793633674 685
686 302.3576072626302 686
687 302.3625521711482 687
688 302.36750125708 688
689 302.3724406065486 689
690 302.3773819022423 690
691 302.3823156257665 691
692 302.3872379541966 692
693 302.3921595139564 693
694 302.3971106865304 694
695 302.4022058272491 695
696 302.4075204294905 696
697 302.4129961254681 697
698 302.4186092476002 698
699 302.4243936040612 699
700 302.4302736523523 700
701 302.4362044477816 701
702 302.4421881735702 702
703 302.4482995247145 703
704 302.4548203833233 704
705 302.4617880939683 705
706 302.4692630345999 706
707 302.4771850400278 707
708 302.4854305169821 708
709 302.4939641872398 709
710 302.5028743323332 710
711 302.5119986124338 711
712 302.521271443799 712
713 302.5306363046928 713
714 302.540038876456 714
715 302.549503865133 715
716 302.5590029650764 716
717 302.5685011405898 717
718 302.5779994876872 718
719 302.5874803806378 719
720 302.5969565409595 720
721 302.6064175248415 721
722 302.6158690291635 722
723 302.6253175822247 723
724 302.6347344370648 724
725 302.6441244531183 725
726 302.6535026857097 726
727 302.6628475736639 727
728 302.6721604921689 728
729 302.6814434899538 729
730 302.6906990988841 730
731 302.6999259554366 731
732 302.7091157645105 732
733 302.7182727359113 733
734 302.7273905549216 734
735 302.7364633615107 735
736 302.745490664318 736
737 302.7544753012614 737
738 302.7634028270833 738
739 302.772285065021 739
740 302.780992888517 740
741 302.7896498643023 741
742 302.7983668283943 742
743 302.8070134888909 743
744 302.8154724679709 744
745 302.8239702361597 745
746 302.8324076742732 746
747 302.8406454987712 747
748 302.8489198078591 748
749 302.8571196235771 749
750 302.8652489535173 750
751 302.8733084967856 751
752 302.8813200685023 752
753 302.889248943721 753
754 302.8971130144145 754
755 302.9049174617447 755
756 302.9126644181069 756
757 302.9203755876692 757
758 302.9280175518628 758
759 302.9356045628306 759
760 302.9431430815024 760
761 302.9506351866297 761
762 302.9580829590902 762
763 302.9654855841407 763
764 302.972859123716 764
765 302.9801767097004 765
766 302.9874498030384 766
767 302.9946822198073 767
768 303.0018743147441 768
769 303.0090302385751 769
770 303.0161510356386 770
771 303.0232381661206 771
772 303.0303163995635 772
773 303.0373603408264 773
774 303.0443660197124 774
775 303.0513545963392 775
776 303.0582333015411 776
777 303.0651856434307 777
778 303.0721447717378 778
779 303.0790614540477 779
780 303.0859572213053 780
781 303.0928322022706 781
782 303.0997110054128 782
783 303.106547468936 783
784 303.1133631537156 784
785 303.1201558128001 785
786 303.1269270801078 786
787 303.1336973257715 787
788 303.1404217179139 788
789 303.1471236888493 789
790 303.1538026016607 790
791 303.160374523921 791
792 303.1669252295445 792
793 303.1734549793273 793
794 303.1799646270521 794
795 303.186564095759 795
796 303.1930348960365 796
797 303.1995940888538 797
798 303.2060251623084 798
799 303.212521232505 799
800 303.218998471168 800
801 303.2254583723578 801
802 303.2319261991022 802
803 303.2383560243535 803
804 303.2447715624305 804
805 303.2511714493327 805
806 303.2575839974542 806
807 303.2639597398304 807
808 303.2703198346245 808
809 303.2766950002472 809
810 303.2830587126037 810
811 303.2894125337788 811
812 303.2957311128442 812
813 303.3020408898807 813
814 303.30836965156 814
815 303.3146923819502 815
816 303.3209832305612 816
817 303.3272950707641 817
818 303.333577943649 818
819 303.339856344962 819
820 303.3461293557365 820
821 303.3523985688418 821
822 303.3586654836658 822
823 303.3649291979244 823
824 303.3711920857566 824
825 303.3774544855323 825
826 303.3837438832234 826
827 303.3900065012897 827
828 303.3962717778913 828
829 303.4025640306192 829
830 303.4088611989376 830
831 303.4151617463147 831
832 303.4214670110932 832
833 303.4277476472247 833
834 303.4340568767019 834
835 303.4403428752867 835
836 303.4466298016563 836
837 303.4529464216987 837
838 303.459265770972 838
839 303.4655876072054 839
840 303.4718851099917 840
841 303.4781034928481 841
842 303.4844060670404 842
843 303.4907131598804 843
844 303.4970523033865 844
845 303.5032902951003 845
846 303.5096149309368 846
847 303.5159444031466 847
848 303.5222795431999 848
849 303.5286219658097 849
850 303.5349719274149 850
851 303.541329603481 851
852 303.5476966574482 852
853 303.5540734321965 853
854 303.560460191591 854
855 303.5667772398275 855
856 303.5731881894409 856
857 303.5796095492316 857
858 303.5860441007074 858
859 303.5924914140986 859
860 303.5989505179163 860
861 303.6054575573295 861
862 303.6119779018705 862
863 303.6184798810181 863
864 303.6249991802797 864
865 303.6315332248586 865
866 303.6380810833439 866
867 303.6446450581488 867
868 303.6512240280045 868
869 303.6578185154502 869
870 303.6644277932003 870
871 303.6710884464478 871
872 303.6777635508649 872
873 303.6844180108203 873
874 303.6910854646943 874
875 303.6977670582959 875
876 303.7044614950269 876
877 303.7111687074728 877
878 303.7179254534087 878
879 303.7246576776447 879
880 303.731402221004 880
881 303.7381934085556 881
882 303.7448749069215 882
883 303.7516906329457 883
884 303.7584800338546 884
885 303.7652794456376 885
886 303.7721252031134 886
887 303.7789465472089 887
888 303.785690549589 888
889 303.7925300068306 889
890 303.7992923367125 890
891 303.8061831032884 891
892 303.813082143264 892
893 303.819865946092 893
894 303.8267767879225 894
895 303.8336591426616 895
896 303.8405779212038 896
897 303.8475015078047 897
898 303.8543956558234 898
899 303.8612910681049 899
900 303.8681886064171 900
901 303.875122891596 901
902 303.8820276251384 902
903 303.8889354416065 903
904 303.8958465389769 904
905 303.9027608029878 905
906 303.909678669072 906
907 303.916601121426 907
908 303.9235259707237 908
909 303.9304527087457 909
910 303.9374155416318 910
911 303.9443497624752 911
912 303.9513200591313 912
913 303.9582622832333 913
914 303.9652073712945 914
915 303.9721550765441 915
916 303.9791056978984 916
917 303.9860577216782 917
918 303.9930474169615 918
919 303.9999170548196 919
920 304.0069096101226 920
921 304.0138712613758 921
922 304.0208342086818 922
923 304.0277990826826 923
924 304.0347672699859 924
925 304.0417374230469 925
926 304.0487107612281 926
927 304.0556866951839 927
928 304.0626654587314 928
929 304.0696803417111 929
930 304.0765771438494 930
931 304.0835992543029 931
932 304.0905925687463 932
933 304.0975888172564 933
934 304.1045886109915 934
935 304.1115920812871 935
936 304.1185097507378 936
937 304.1255530310269 937
938 304.1325671770871 938
939 304.1394957693808 939
940 304.1464295259414 940
941 304.1534912583295 941
942 304.1605254666375 942
943 304.1675644137773 943
944 304.1746436569276 944
945 304.1816945518067 945
946 304.1887500775346 946
947 304.1958113165562 947
948 304.2028776418411 948
949 304.2099847846515 949
950 304.2170990637926 950
951 304.224186146762 951
952 304.2311895048734 952
953 304.2382912412828 953
954 304.2454008385839 954
955 304.2525188644522 955
956 304.2596835875084 956
957 304.2668578455311 957
958 304.2740047978997 958
959 304.2811615745057 959
960 304.2883660592071 960
961 304.2955450235379 961
962 304.3027721554449 962
963 304.3099741354929 963
964 304.3171876056305 964
965 304.3244123466824 965
966 304.3316484759658 966
967 304.3389350887381 967
968 304.3461041348343 968
969 304.3533781497943 969
970 304.3606644561478 970
971 304.3679633007134 971
972 304.375274582662 972
973 304.382640429053 973
974 304.3899787876691 974
975 304.397367999425 975
976 304.4047701324603 976
977 304.4121462245024 977
978 304.4195726315495 978
979 304.4269716183712 979
980 304.4343813842336 980
981 304.4418019059024 981
982 304.4492335676583 982
983 304.4566758450967 983
984 304.4641283770586 984
985 304.4715910468017 985
986 304.4791025647344 986
987 304.4865860464446 987
988 304.4941188798696 988
989 304.501662441037 989
990 304.5092185638751 990
991 304.5167461985475 991
992 304.5241858397728 992
993 304.5317721239995 993
994 304.5393685235965 994
995 304.5469737465874 995
996 304.5545880391181 996
997 304.5622120959042 997
998 304.5698058111197 998
999 304.5774056206832 999
1000 304.5850118616758 1000
