"battery_avg_temp-rfile"
"Time Step" "battery_avg_temp etc.."
("Time Step" "battery_avg_temp" "flow-time")
0 298.1500000000009 0
1 298.1913036245733 1
2 298.2280361435423 2
3 298.2615466626399 3
4 298.2922579122377 4
5 298.320557683886 5
6 298.3455212301002 6
7 298.3690561397137 7
8 298.3910596599368 8
9 298.4117239381218 9
10 298.431381718304 10
11 298.44981036878 11
12 298.4673158531247 12
13 298.483788944548 13
14 298.4997551712474 14
15 298.5148674445559 15
16 298.529588180163 16
17 298.5437647215549 17
18 298.5575586794409 18
19 298.570789013521 19
20 298.583615135442 20
21 298.5961680900767 21
22 298.6081221843102 22
23 298.619785987603 23
24 298.6313294517689 24
25 298.6426070268133 25
26 298.6536389445015 26
27 298.6645150525193 27
28 298.6751041119346 28
29 298.6855000544962 29
30 298.6957157894425 30
31 298.7057633638453 31
32 298.7156543503847 32
33 298.7253979770229 33
34 298.7350049107121 34
35 298.7444827812951 35
36 298.7538397716261 36
37 298.7630831304084 37
38 298.7722193131377 38
39 298.7812545773268 39
40 298.790194461952 40
41 298.7990441750924 41
42 298.8078085489482 42
43 298.8164920289731 43
44 298.8250987395683 44
45 298.8336325230602 45
46 298.8419886059179 46
47 298.8502899358895 47
48 298.8587013245954 48
49 298.8670438522562 49
50 298.8753220582028 50
51 298.8835394954631 51
52 298.8916993452785 52
53 298.8998045033026 53
54 298.9078576181686 54
55 298.9158611219232 55
56 298.9238172548781 56
57 298.931728086488 57
58 298.9395955330532 58
59 298.9474214007437 59
60 298.9552073129387 60
61 298.9629548105135 61
62 298.9706653311849 62
63 298.9783402187722 63
64 298.9859807305571 64
65 298.9935880450745 65
66 299.0011632680286 66
67 299.0087074108684 67
68 299.0162214812266 68
69 299.0237063992646 69
70 299.0311630318824 70
71 299.0385921973729 71
72 299.0459946685818 72
73 299.0533711761181 73
74 299.0607224112491 74
75 299.068049028602 75
76 299.0753516485845 76
77 299.0826308596762 77
78 299.0898872204736 78
79 299.097121261634 79
80 299.104333487632 80
81 299.1115243784043 81
82 299.1186943908592 82
83 299.1258439602933 83
84 299.1329735016915 84
85 299.140083410941 85
86 299.1471740659624 86
87 299.1542458277617 87
88 299.1612990414066 88
89 299.1683340369459 89
90 299.1753511302509 90
91 299.1823506238359 91
92 299.1893328075799 92
93 299.196297959437 93
94 299.2032463460849 94
95 299.2101782235465 95
96 299.2170938377437 96
97 299.2239934250587 97
98 299.2308772128232 98
99 299.237745419799 99
100 299.2445982566273 100
101 299.2514359262379 101
102 299.2582586239741 102
103 299.2650665388199 103
104 299.2718598528647 104
105 299.2786387419281 105
106 299.2854033758831 106
107 299.292153918951 107
108 299.2988905299503 108
109 299.3056133625913 109
110 299.3123225657015 110
111 299.3190182834574 111
112 299.3257006556092 112
113 299.33236981769 113
114 299.3390259011987 114
115 299.3456690337983 115
116 299.3522993394817 116
117 299.3589169387454 117
118 299.3655219487361 118
119 299.372114483407 119
120 299.3786946536565 120
121 299.3852625674551 121
122 299.3918183299801 122
123 299.3983620437321 123
124 299.4048938086487 124
125 299.4114137222059 125
126 299.4179218795346 126
127 299.4244183734958 127
128 299.4309032947961 128
129 299.4373767320649 129
130 299.4438387719318 130
131 299.4502894991109 131
132 299.4567289964784 132
133 299.4631573451454 133
134 299.4695746245131 134
135 299.4759809123529 135
136 299.482376284865 136
137 299.4887608167249 137
138 299.4951345811549 138
139 299.5014976499653 139
140 299.5078500936182 140
141 299.5141919812603 141
142 299.5205233807862 142
143 299.5268443588594 143
144 299.5331549809836 144
145 299.539455311519 145
146 299.5457454137295 146
147 299.5520253498199 147
148 299.558295180974 148
149 299.5645549673803 149
150 299.5708047682652 150
151 299.5770446419303 151
152 299.5832746457785 152
153 299.5894948363368 153
154 299.5957052692914 154
155 299.6019059995097 155
156 299.6080970810588 156
157 299.614278567241 157
158 299.6204505106086 158
159 299.6266129629866 159
160 299.6327659754978 160
161 299.6389095985731 161
162 299.6450438819787 162
163 299.6511688748358 163
164 299.6572846256333 164
165 299.6633911822485 165
166 299.6694885919555 166
167 299.6755769014509 167
168 299.6816561568623 168
169 299.6877264037715 169
170 299.6937876872132 170
171 299.6998400517035 171
172 299.7058835412475 172
173 299.7119181993473 173
174 299.7179440690147 174
175 299.7239611927941 175
176 299.729969612759 176
177 299.7359693705322 177
178 299.7419605072915 178
179 299.7479430637827 179
180 299.753917080321 180
181 299.7598825968178 181
182 299.7658396527685 182
183 299.7717882872794 183
184 299.7777285390671 184
185 299.7836604464601 185
186 299.7895840474257 186
187 299.7954993795565 187
188 299.8014064800943 188
189 299.8073053859254 189
190 299.8131961335955 190
191 299.8190787593132 191
192 299.8249532989552 192
193 299.8308197880735 193
194 299.8366782619059 194
195 299.8425287553716 195
196 299.8483713030863 196
197 299.854205939369 197
198 299.8600326982339 198
199 299.8658516134085 199
200 299.8716627183412 200
201 299.8774660461872 201
202 299.8832616298407 202
203 299.8890495019102 203
204 299.8948296947444 204
205 299.900602240435 205
206 299.9063671708033 206
207 299.9121245174275 207
208 299.9178743116298 208
209 299.9236165844895 209
210 299.9293513668421 210
211 299.9350786892861 211
212 299.9407985821794 212
213 299.9465110756574 213
214 299.9522161996257 214
215 299.9579139837593 215
216 299.9636044575183 216
217 299.9692876501391 217
218 299.9749635906468 218
219 299.9806323078587 219
220 299.9862938303717 220
221 299.9919481865869 221
222 299.9975954046998 222
223 300.0032355126988 223
224 300.008868538386 224
225 300.0144945093573 225
226 300.0201134530228 226
227 300.0257253966006 227
228 300.031330367118 228
229 300.0369283914216 229
230 300.0425194961735 230
231 300.0481037078524 231
232 300.0536810527644 232
233 300.059251557032 233
234 300.0648152466107 234
235 300.0703721472776 235
236 300.0759222846457 236
237 300.0814656841553 237
238 300.0870023710872 238
239 300.0925323705495 239
240 300.0980557074944 240
241 300.1035724067102 241
242 300.1090824928307 242
243 300.1145859903326 243
244 300.1200829235328 244
245 300.1255733165996 245
246 300.1310571935486 246
247 300.1365345782467 247
248 300.1420054944123 248
249 300.1474699656142 249
250 300.1529280152814 250
251 300.1583796666952 251
252 300.1638249429939 252
253 300.1692638671837 253
254 300.1746964621202 254
255 300.180122750529 255
256 300.1855427549984 256
257 300.1909564979804 257
258 300.1963640017925 258
259 300.2017652886258 259
260 300.2071603805323 260
261 300.2125492994422 261
262 300.2179320671537 262
263 300.2233087053358 263
264 300.228679235536 264
265 300.2340436791766 265
266 300.2394020575535 266
267 300.2447543918443 267
268 300.250100703103 268
269 300.2554410122638 269
270 300.2607753401419 270
271 300.266103707441 271
272 300.2714261347356 272
273 300.2767426424941 273
274 300.2820532510711 274
275 300.2873579807032 275
276 300.2926568515153 276
277 300.2979498835223 277
278 300.3032370966285 278
279 300.3085185106293 279
280 300.3137941452085 280
281 300.3190640199463 281
282 300.3243281543114 282
283 300.3295865676765 283
284 300.3348392792962 284
285 300.3400863083312 285
286 300.3453276738348 286
287 300.3505633947602 287
288 300.3557934899583 288
289 300.3610179781777 289
290 300.3662368780713 290
291 300.3714502081912 291
292 300.3766579869917 292
293 300.3818602328272 293
294 300.387056963962 294
295 300.3922481985581 295
296 300.3974339546889 296
297 300.4026142503267 297
298 300.4077891033587 298
299 300.4129585315713 299
300 300.418122552667 300
301 300.4232811842512 301
302 300.4284344438403 302
303 300.4335823488629 303
304 300.438724916657 304
305 300.4438621644718 305
306 300.4489941094732 306
307 300.4541207687325 307
308 300.4592421592419 308
309 300.4643582979044 309
310 300.4694692015404 310
311 300.4745748868806 311
312 300.4796753705807 312
313 300.4847706692035 313
314 300.4898607992374 314
315 300.4949457770876 315
316 300.5000256190726 316
317 300.5051003414379 317
318 300.5101699603396 318
319 300.5152344918679 319
320 300.5202939520204 320
321 300.525348356724 321
322 300.5303977218272 322
323 300.5354420630997 323
324 300.5404813962348 324
325 300.545515736851 325
326 300.5505451004894 326
327 300.5555695026201 327
328 300.560588958632 328
329 300.5656034838458 329
330 300.5706130935113 330
331 300.575617802791 331
332 300.5806176267939 332
333 300.5856125805488 333
334 300.5906026790081 334
335 300.5955879370599 335
336 300.6005683695197 336
337 300.6055439911338 337
338 300.6105148165803 338
339 300.6154808604629 339
340 300.6204421373261 340
341 300.6253986616381 341
342 300.6303504478007 342
343 300.6352975101562 343
344 300.6402398629668 344
345 300.6451775204432 345
346 300.6501104967194 346
347 300.6550388058688 347
348 300.6599624618981 348
349 300.6648814787503 349
350 300.6697958703099 350
351 300.6747056503859 351
352 300.6796108327356 352
353 300.6845114310471 353
354 300.6894074589463 354
355 300.6942989299982 355
356 300.6991858577123 356
357 300.7040682555234 357
358 300.7089461368183 358
359 300.7138195149167 359
360 300.7186884030817 360
361 300.7235528145135 361
362 300.7284127623554 362
363 300.733268259691 363
364 300.7381193195491 364
365 300.7429659548919 365
366 300.7478081786304 366
367 300.7526460036179 367
368 300.7574794426499 368
369 300.7623085084631 369
370 300.7671332137421 370
371 300.7719535711115 371
372 300.7767695931412 372
373 300.7815812923483 373
374 300.7863886811932 374
375 300.7911917720788 375
376 300.7959905773655 376
377 300.800785109338 377
378 300.8055753802498 378
379 300.8103614022901 379
380 300.8151431875967 380
381 300.8199207482514 381
382 300.8246940962921 382
383 300.8294632436982 383
384 300.8342282023985 384
385 300.8389889842726 385
386 300.8437456011447 386
387 300.8484980647957 387
388 300.8532463869477 388
389 300.8579905792783 389
390 300.8627306534128 390
391 300.867466620929 391
392 300.8721984933497 392
393 300.876926282159 393
394 300.8816499987819 394
395 300.886369654602 395
396 300.8910852609542 396
397 300.8957968291188 397
398 300.900504370337 398
399 300.9052078957983 399
400 300.9099074166473 400
401 300.9146029439813 401
402 300.9192944888494 402
403 300.9239820622552 403
404 300.9286656751597 404
405 300.9333453384726 405
406 300.9380210630629 406
407 300.9426928597535 407
408 300.9473607393203 408
409 300.9520247124954 409
410 300.9566847899724 410
411 300.9613409823893 411
412 300.9659933003504 412
413 300.9706417544128 413
414 300.9752863550889 414
415 300.9799271128476 415
416 300.9845640381189 416
417 300.9891971412868 417
418 300.9938264326977 418
419 300.9984519226464 419
420 301.0030736213959 420
421 301.0076915391597 421
422 301.0123056861186 422
423 301.0169160724031 423
424 301.0215227081064 424
425 301.0261256032831 425
426 301.0307247679436 426
427 301.0353202120595 427
428 301.0399119455664 428
429 301.0444999783533 429
430 301.0490843202703 430
431 301.0536649811366 431
432 301.0582419707193 432
433 301.0628152987571 433
434 301.0673849749449 434
435 301.0719510089381 435
436 301.0765134103615 436
437 301.0810721887882 437
438 301.0856273537665 438
439 301.0901789148005 439
440 301.0947268813575 440
441 301.0992712628681 441
442 301.1038120687261 442
443 301.1083493082854 443
444 301.1128829908683 444
445 301.1174131257571 445
446 301.1219397221965 446
447 301.1264627894038 447
448 301.1309823365427 448
449 301.1354983727614 449
450 301.1400109071604 450
451 301.1445199488064 451
452 301.149025506732 452
453 301.1535275899361 453
454 301.1580262073804 454
455 301.1625213679955 455
456 301.1670130806737 456
457 301.1715013542741 457
458 301.1759861976221 458
459 301.1804676195111 459
460 301.1849456286953 460
461 301.1894202339038 461
462 301.1938914438214 462
463 301.1983592671129 463
464 301.2028237123958 464
465 301.2072847882658 465
466 301.2117425032823 466
467 301.2161968659697 467
468 301.2206478848225 468
469 301.2250955683033 469
470 301.2295399248407 470
471 301.2339809628344 471
472 301.238418690651 472
473 301.2428531166208 473
474 301.2472842490525 474
475 301.2517120962153 475
476 301.2561366663513 476
477 301.2605579676695 477
478 301.2649760083515 478
479 301.2693907965453 479
480 301.2738023403667 480
481 301.2782106479063 481
482 301.2826157272207 482
483 301.2870175863405 483
484 301.2914162332627 484
485 301.2958116759536 485
486 301.3002039223534 486
487 301.3045929803727 487
488 301.3089788578921 488
489 301.3133615627599 489
490 301.3177411028005 490
491 301.3221174858062 491
492 301.3264907195434 492
493 301.3308608117469 493
494 301.3352277701285 494
495 301.3395916023606 495
496 301.3439523161044 496
497 301.3483099189751 497
498 301.3526644185714 498
499 301.357015822463 499
500 301.3613641381877 500
501 301.3657093732612 501
502 301.3700515351692 502
503 301.3743906313685 503
504 301.3787266692949 504
505 301.3830596563494 505
506 301.3873895999101 506
507 301.3917165073328 507
508 301.3960403859368 508
509 301.4003612430262 509
510 301.4046790858698 510
511 301.4089939217174 511
512 301.4133057577851 512
513 301.4176146012713 513
514 301.4219204593429 514
515 301.4262233391434 515
516 301.4305232477918 516
517 301.4348201923799 517
518 301.4391141799728 518
519 301.4434052176159 519
520 301.4476933123237 520
521 301.4519784710898 521
522 301.4562607008808 522
523 301.4605400086406 523
524 301.4648164012897 524
525 301.4690898857165 525
526 301.4733604687939 526
527 301.4776281573689 527
528 301.4818929582597 528
529 301.4861548782663 529
530 301.4904139241582 530
531 301.4946701026929 531
532 301.4989234205882 532
533 301.5031738845529 533
534 301.5074215012645 534
535 301.5116662773785 535
536 301.5159082195298 536
537 301.5201473343249 537
538 301.5243836283552 538
539 301.5286171081823 539
540 301.5328477803471 540
541 301.537075651371 541
542 301.5413007277454 542
543 301.5455230159499 543
544 301.5497425224319 544
545 301.5539592536248 545
546 301.558173215932 546
547 301.5623844157407 547
548 301.5665928594128 548
549 301.5707985532898 549
550 301.5750015036932 550
551 301.5792017169206 551
552 301.583399199249 552
553 301.5875939569331 553
554 301.5917859962066 554
555 301.5959753232805 555
556 301.6001619443495 556
557 301.6043458655842 557
558 301.6085270931333 558
559 301.6127056331243 559
560 301.6168814916654 560
561 301.6210546748492 561
562 301.6252251887376 562
563 301.6293930393785 563
564 301.6335582327972 564
565 301.6377207750021 565
566 301.6418806719755 566
567 301.6460379296851 567
568 301.6501925540749 568
569 301.6543445510728 569
570 301.6584939265854 570
571 301.662640686495 571
572 301.6667848366719 572
573 301.6709263829603 573
574 301.6750653311912 574
575 301.6792016871676 575
576 301.6833354566818 576
577 301.6874666455062 577
578 301.6915952593872 578
579 301.6957213040565 579
580 301.6998447852257 580
581 301.7039657085896 581
582 301.7080840798282 582
583 301.7121999045882 583
584 301.7163131885142 584
585 301.7204239372236 585
586 301.7245321563161 586
587 301.7286378513769 587
588 301.7327410279655 588
589 301.7368416916294 589
590 301.7409398478952 590
591 301.7450355022753 591
592 301.7491286602603 592
593 301.7532193273228 593
594 301.7573075089193 594
595 301.7613932104854 595
596 301.7654764374456 596
597 301.7695571952016 597
598 301.7736354891363 598
599 301.7777113246216 599
600 301.7817847070031 600
601 301.7858556416201 601
602 301.789924133784 602
603 301.7939901887937 603
604 301.7980538119349 604
605 301.80211500847 605
606 301.8061737836457 606
607 301.8102301426975 607
608 301.8142840908334 608
609 301.8183356332569 609
610 301.8223847751457 610
611 301.8264315216659 611
612 301.8304758779636 612
613 301.8345178491729 613
614 301.8385574404091 614
615 301.8425946567673 615
616 301.8466295033346 616
617 301.8506619851756 617
618 301.8546921073397 618
619 301.8587198748666 619
620 301.8627452927678 620
621 301.8667683660499 621
622 301.8707890997015 622
623 301.8748074986919 623
624 301.8788235679755 624
625 301.8828373124929 625
626 301.8868487371705 626
627 301.8908578469138 627
628 301.8948646466185 628
629 301.8988691411663 629
630 301.9028713354148 630
631 301.9068712342124 631
632 301.9108688423921 632
633 301.9148641647756 633
634 301.9188572061597 634
635 301.9228479713303 635
636 301.9268364650704 636
637 301.9308226921278 637
638 301.9348066572486 638
639 301.938788365164 639
640 301.9427678205827 640
641 301.946745028206 641
642 301.9507199927213 642
643 301.9546927187945 643
644 301.9586632110837 644
645 301.9626314742285 645
646 301.9665975128543 646
647 301.9705613315774 647
648 301.974522934996 648
649 301.9784823276919 649
650 301.9824395142396 650
651 301.9863944991928 651
652 301.9903472870922 652
653 301.9942978824701 653
654 301.9982462898399 654
655 302.0021925137003 655
656 302.0061365585406 656
657 302.0100784288381 657
658 302.0140181290448 658
659 302.0179556636104 659
660 302.0218910369693 660
661 302.0258243170363 661
662 302.0297557119932 662
663 302.0336849813928 663
664 302.0376121482412 664
665 302.0415371699838 665
666 302.0454600684341 666
667 302.0493808256533 667
668 302.0532994394118 668
669 302.0572159131816 669
670 302.06113025211 670
671 302.0650424620422 671
672 302.0689525489058 672
673 302.0728605185247 673
674 302.0767663765341 674
675 302.0806701283834 675
676 302.0845717793524 676
677 302.0884718494677 677
678 302.0923707881479 678
679 302.0963732544247 679
680 302.1004618117262 680
681 302.1046314083811 681
682 302.1088052740703 682
683 302.1130100450057 683
684 302.1172417718456 684
685 302.1215260912629 685
686 302.1258312629752 686
687 302.1301552071208 687
688 302.1344928914519 688
689 302.1388373615907 689
690 302.1431975689725 690
691 302.1475655110282 691
692 302.1519386082709 692
693 302.1563247449158 693
694 302.1607292253045 694
695 302.165196540614 695
696 302.1697708222434 696
697 302.1744252276199 697
698 302.1791453637682 698
699 302.1839640519306 699
700 302.1888438548808 700
701 302.1937574046191 701
702 302.1987511375272 702
703 302.2037705303727 703
704 302.2090159107656 704
705 302.2144708875726 705
706 302.2201805960314 706
707 302.2261088624898 707
708 302.2322099859322 708
709 302.2384690723094 709
710 302.2449581197486 710
711 302.2515901763618 711
712 302.2583370073348 712
713 302.2651771765472 713
714 302.2721705906922 714
715 302.2791992071224 715
716 302.2863054362105 716
717 302.2934644604834 717
718 302.3006792081324 718
719 302.3079447613069 719
720 302.3152680965342 720
721 302.3226430156045 721
722 302.3300821612215 722
723 302.3375794407175 723
724 302.345109635459 724
725 302.3526692085165 725
726 302.3602767844406 726
727 302.3679022050102 727
728 302.3755478621316 728
729 302.3832086130098 729
730 302.3908916988437 730
731 302.3986435463611 731
732 302.4063367362332 732
733 302.4140317874305 733
734 302.4217287470512 734
735 302.4294155887831 735
736 302.4370916495386 736
737 302.4447583762683 737
738 302.4523947371453 738
739 302.4600242466451 739
740 302.4675301607531 740
741 302.4750134657031 741
742 302.4825609521091 742
743 302.4900569475328 743
744 302.4974018462892 744
745 302.5047892784179 745
746 302.512182936866 746
747 302.5193643833131 747
748 302.5265948240364 748
749 302.5337764367015 749
750 302.5409131863037 750
751 302.5480072329426 751
752 302.5551237296788 752
753 302.5621400201219 753
754 302.5691229644657 754
755 302.5760724327219 755
756 302.5829905910305 756
757 302.5899401368329 757
758 302.5968062097595 758
759 302.6036460337521 759
760 302.6104624511702 760
761 302.6172563434649 761
762 302.6240247185754 762
763 302.6307670663421 763
764 302.6375324838829 764
765 302.6442226176246 765
766 302.6508859380484 766
767 302.6575265599565 767
768 302.6641449609633 768
769 302.6707453660952 769
770 302.67732537647 770
771 302.683886629684 771
772 302.6904848283514 772
773 302.6970588744467 773
774 302.7035770598767 774
775 302.7100944202792 775
776 302.7165223744553 776
777 302.7230345498411 777
778 302.7295927185456 778
779 302.7360787550606 779
780 302.7425506766351 780
781 302.749010573047 781
782 302.7555131343299 782
783 302.7619451792029 783
784 302.7683621753546 784
785 302.7747588919064 785
786 302.781142063946 786
787 302.7875574464717 787
788 302.7938987490916 788
789 302.8002256398082 789
790 302.8065366697587 790
791 302.812750256456 791
792 302.8189515509624 792
793 302.8251415205381 793
794 302.8313202193692 794
795 302.8376222951857 795
796 302.8437713308109 796
797 302.8500421242517 797
798 302.8561619934106 798
799 302.8623577194264 799
800 302.8685420069535 800
801 302.874717651045 801
802 302.8809359978301 802
803 302.8870899976071 803
804 302.8932390945988 804
805 302.8993786308305 805
806 302.9055655968264 806
807 302.9116901450512 807
808 302.9178042614494 808
809 302.9239654598904 809
810 302.9301188312363 810
811 302.9362676308117 811
812 302.9423608464355 812
813 302.9484542526941 813
814 302.9546019384767 814
815 302.9607478773943 815
816 302.966839330455 816
817 302.9729872808812 817
818 302.9790838959315 818
819 302.9851835263689 819
820 302.9912850976218 820
821 302.9973892674962 821
822 303.0034981102782 822
823 303.0096088259938 823
824 303.0157255602417 824
825 303.0218473517386 825
826 303.0280250637931 826
827 303.0341524874445 827
828 303.0402907441223 828
829 303.0464848859364 829
830 303.0526830220687 830
831 303.0588826251281 831
832 303.0650874563783 832
833 303.0712411722429 833
834 303.0774562021291 834
835 303.0836235295483 835
836 303.0897973451595 836
837 303.0960341010021 837
838 303.1022737508878 838
839 303.108521088328 839
840 303.1147206980627 840
841 303.1208465728444 841
842 303.1270659620286 842
843 303.1333001663083 843
844 303.1396000133742 844
845 303.145778692523 845
846 303.1520590509035 846
847 303.1583531906944 847
848 303.1646661750413 848
849 303.1710002433258 849
850 303.1773528195097 850
851 303.183725576975 851
852 303.1901230493174 852
853 303.1965442177855 853
854 303.2029883945776 854
855 303.2093718819375 855
856 303.2158689713188 856
857 303.2223841943095 857
858 303.2289236790778 858
859 303.2354862068341 859
860 303.2420752720891 860
861 303.2487429758321 861
862 303.2554305245765 862
863 303.2620858066153 863
864 303.2687740350743 864
865 303.27548616542 865
866 303.2822167138478 866
867 303.2889677215726 867
868 303.2957407851433 868
869 303.3025380037952 869
870 303.3093509719408 870
871 303.3162345191884 871
872 303.323130181719 872
873 303.3299848071266 873
874 303.3368515559652 874
875 303.3437308608057 875
876 303.3506217778094 876
877 303.3575220990583 877
878 303.3644869420206 878
879 303.3713975217657 879
880 303.3783178729448 880
881 303.3852995442811 881
882 303.3921318346258 882
883 303.39912606004 883
884 303.4060602292981 884
885 303.4129950137902 885
886 303.4199900412476 886
887 303.4269262202266 887
888 303.4337696017182 888
889 303.4407073359786 889
890 303.4475538694053 890
891 303.4545522053699 891
892 303.4615436627097 892
893 303.4683782760094 893
894 303.4753625942923 894
895 303.4822814847894 895
896 303.4892538764508 896
897 303.4962238465154 897
898 303.5031330460832 898
899 303.5100398475311 899
900 303.5169449574487 900
901 303.5239126384321 901
902 303.530821877077 902
903 303.5377321269888 903
904 303.5446440970094 904
905 303.551556336238 905
906 303.5584717129685 906
907 303.5653899058694 907
908 303.5723056565974 908
909 303.5792202091902 909
910 303.586196644784 910
911 303.5931130716717 911
912 303.6000907679322 912
913 303.6070117569218 913
914 303.6139356078519 914
915 303.6208610009629 915
916 303.6277876186316 916
917 303.6347142633296 917
918 303.641702263459 918
919 303.6485376297902 919
920 303.6555296889354 920
921 303.6624608890043 921
922 303.6693955849804 922
923 303.6763337436446 923
924 303.683276907282 924
925 303.6902238758701 925
926 303.6971747395016 926
927 303.7041306774027 927
928 303.7110915974789 928
929 303.7181188454526 929
930 303.7249960378213 930
931 303.7320336967801 931
932 303.739015472363 932
933 303.7460053493312 933
934 303.7530020954746 934
935 303.7600079027493 935
936 303.7669277817883 936
937 303.7740100139743 937
938 303.7810365824504 938
939 303.7879817842456 939
940 303.7949392742254 940
941 303.8020638251538 941
942 303.8091399532693 942
943 303.8162256297761 943
944 303.8233836467987 944
945 303.8304908728543 945
946 303.8376079339336 946
947 303.8447384915183 947
948 303.8518809475572 948
949 303.8590970739024 949
950 303.8663232723778 950
951 303.8735037448927 951
952 303.8806022861574 952
953 303.887817766657 953
954 303.8950492171191 954
955 303.9022949883192 955
956 303.9096187772903 956
957 303.9169545264519 957
958 303.9242422070427 958
959 303.9315475203555 959
960 303.9389283676682 960
961 303.9462622879194 961
962 303.9536724460564 962
963 303.9610348984251 963
964 303.9684131402697 964
965 303.9758055292501 965
966 303.9832129856486 966
967 303.9906980239308 967
968 303.9980332342427 968
969 304.0054885472982 969
970 304.0129587649598 970
971 304.0204451186315 971
972 304.0279471210329 972
973 304.0355273308281 973
974 304.043052563217 974
975 304.0506510881936 975
976 304.0582580050675 976
977 304.065809441617 977
978 304.0734333091449 978
979 304.0809970864348 979
980 304.0885715335384 980
981 304.0961540737444 981
982 304.1037462676872 982
983 304.1113466376102 983
984 304.1189569877206 984
985 304.1265736725043 985
986 304.134260612865 986
987 304.1418870429105 987
988 304.149585907231 988
989 304.1572885306081 989
990 304.1649993558677 990
991 304.1726492174413 991
992 304.1802033897495 992
993 304.187937433172 993
994 304.1956711468691 994
995 304.203406668104 995
996 304.2111459914659 996
997 304.218890108764 997
998 304.2265717950827 998
999 304.2342550317909 999
1000 304.241942768073 1000
